0 info it worked if it ends with ok
1 verbose cli [ '/usr/local/bin/node', '/usr/local/bin/npm', 'i', 'pg-native' ]
2 info using npm@3.10.8
3 info using node@v7.0.0
4 silly loadCurrentTree Starting
5 silly install loadCurrentTree
6 silly install readLocalPackageData
7 silly fetchPackageMetaData pg-native
8 silly fetchNamedPackageData pg-native
9 silly mapToRegistry name pg-native
10 silly mapToRegistry using default registry
11 silly mapToRegistry registry https://registry.npmjs.org/
12 silly mapToRegistry data Result {
12 silly mapToRegistry   raw: 'pg-native',
12 silly mapToRegistry   scope: null,
12 silly mapToRegistry   escapedName: 'pg-native',
12 silly mapToRegistry   name: 'pg-native',
12 silly mapToRegistry   rawSpec: '',
12 silly mapToRegistry   spec: 'latest',
12 silly mapToRegistry   type: 'tag' }
13 silly mapToRegistry uri https://registry.npmjs.org/pg-native
14 verbose request uri https://registry.npmjs.org/pg-native
15 verbose request no auth needed
16 info attempt registry request try #1 at 8:41:58 PM
17 verbose request id 2ba63efefff97d2a
18 http request GET https://registry.npmjs.org/pg-native
19 http 200 https://registry.npmjs.org/pg-native
20 verbose headers { server: 'nginx/1.10.1',
20 verbose headers   'content-type': 'application/json',
20 verbose headers   'last-modified': 'Tue, 22 Dec 2015 19:17:42 GMT',
20 verbose headers   etag: 'W/"5679a1d6-a891"',
20 verbose headers   'content-encoding': 'gzip',
20 verbose headers   'cache-control': 'max-age=300',
20 verbose headers   'content-length': '6817',
20 verbose headers   'accept-ranges': 'bytes',
20 verbose headers   date: 'Sat, 19 Nov 2016 04:41:59 GMT',
20 verbose headers   via: '1.1 varnish',
20 verbose headers   age: '142',
20 verbose headers   connection: 'keep-alive',
20 verbose headers   'x-served-by': 'cache-sea1924-SEA',
20 verbose headers   'x-cache': 'HIT',
20 verbose headers   'x-cache-hits': '1',
20 verbose headers   'x-timer': 'S1479530519.002984,VS0,VE0',
20 verbose headers   vary: 'Accept-Encoding' }
21 silly get cb [ 200,
21 silly get   { server: 'nginx/1.10.1',
21 silly get     'content-type': 'application/json',
21 silly get     'last-modified': 'Tue, 22 Dec 2015 19:17:42 GMT',
21 silly get     etag: 'W/"5679a1d6-a891"',
21 silly get     'content-encoding': 'gzip',
21 silly get     'cache-control': 'max-age=300',
21 silly get     'content-length': '6817',
21 silly get     'accept-ranges': 'bytes',
21 silly get     date: 'Sat, 19 Nov 2016 04:41:59 GMT',
21 silly get     via: '1.1 varnish',
21 silly get     age: '142',
21 silly get     connection: 'keep-alive',
21 silly get     'x-served-by': 'cache-sea1924-SEA',
21 silly get     'x-cache': 'HIT',
21 silly get     'x-cache-hits': '1',
21 silly get     'x-timer': 'S1479530519.002984,VS0,VE0',
21 silly get     vary: 'Accept-Encoding' } ]
22 verbose get saving pg-native to /Users/edwardpark/.npm/registry.npmjs.org/pg-native/.cache.json
23 verbose correctMkdir /Users/edwardpark/.npm correctMkdir not in flight; initializing
24 silly install normalizeTree
25 silly loadCurrentTree Finishing
26 silly loadIdealTree Starting
27 silly install loadIdealTree
28 silly cloneCurrentTree Starting
29 silly install cloneCurrentTreeToIdealTree
30 silly cloneCurrentTree Finishing
31 silly loadShrinkwrap Starting
32 silly install loadShrinkwrap
33 silly loadShrinkwrap Finishing
34 silly loadAllDepsIntoIdealTree Starting
35 silly install loadAllDepsIntoIdealTree
36 silly resolveWithNewModule pg-native@1.10.0 checking installable status
37 silly cache add args [ 'pg-native', null ]
38 verbose cache add spec pg-native
39 silly cache add parsed spec Result {
39 silly cache add   raw: 'pg-native',
39 silly cache add   scope: null,
39 silly cache add   escapedName: 'pg-native',
39 silly cache add   name: 'pg-native',
39 silly cache add   rawSpec: '',
39 silly cache add   spec: 'latest',
39 silly cache add   type: 'tag' }
40 silly addNamed pg-native@latest
41 verbose addNamed "latest" is being treated as a dist-tag for pg-native
42 info addNameTag [ 'pg-native', 'latest' ]
43 silly mapToRegistry name pg-native
44 silly mapToRegistry using default registry
45 silly mapToRegistry registry https://registry.npmjs.org/
46 silly mapToRegistry data Result {
46 silly mapToRegistry   raw: 'pg-native',
46 silly mapToRegistry   scope: null,
46 silly mapToRegistry   escapedName: 'pg-native',
46 silly mapToRegistry   name: 'pg-native',
46 silly mapToRegistry   rawSpec: '',
46 silly mapToRegistry   spec: 'latest',
46 silly mapToRegistry   type: 'tag' }
47 silly mapToRegistry uri https://registry.npmjs.org/pg-native
48 verbose addNameTag registry:https://registry.npmjs.org/pg-native not in flight; fetching
49 verbose get https://registry.npmjs.org/pg-native not expired, no request
50 silly addNameTag next cb for pg-native with tag latest
51 silly addNamed pg-native@1.10.0
52 verbose addNamed "1.10.0" is a plain semver version for pg-native
53 silly mapToRegistry name pg-native
54 silly mapToRegistry using default registry
55 silly mapToRegistry registry https://registry.npmjs.org/
56 silly mapToRegistry data Result {
56 silly mapToRegistry   raw: 'pg-native',
56 silly mapToRegistry   scope: null,
56 silly mapToRegistry   escapedName: 'pg-native',
56 silly mapToRegistry   name: 'pg-native',
56 silly mapToRegistry   rawSpec: '',
56 silly mapToRegistry   spec: 'latest',
56 silly mapToRegistry   type: 'tag' }
57 silly mapToRegistry uri https://registry.npmjs.org/pg-native
58 verbose addRemoteTarball https://registry.npmjs.org/pg-native/-/pg-native-1.10.0.tgz not in flight; adding
59 verbose addRemoteTarball [ 'https://registry.npmjs.org/pg-native/-/pg-native-1.10.0.tgz',
59 verbose addRemoteTarball   'abe299214afa2be51db5f5104e14770c738230fd' ]
60 info retry fetch attempt 1 at 8:41:59 PM
61 info attempt registry request try #1 at 8:41:59 PM
62 http fetch GET https://registry.npmjs.org/pg-native/-/pg-native-1.10.0.tgz
63 http fetch 200 https://registry.npmjs.org/pg-native/-/pg-native-1.10.0.tgz
64 silly fetchAndShaCheck shasum abe299214afa2be51db5f5104e14770c738230fd
65 verbose addTmpTarball /var/folders/j6/djzkpk5x0wz1rn1jd1l_19080000gn/T/npm-22936-54030089/registry.npmjs.org/pg-native/-/pg-native-1.10.0.tgz not in flight; adding
66 verbose addTmpTarball already have metadata; skipping unpack for pg-native@1.10.0
67 verbose correctMkdir /Users/edwardpark/.npm correctMkdir not in flight; initializing
68 silly cache afterAdd pg-native@1.10.0
69 verbose afterAdd /Users/edwardpark/.npm/pg-native/1.10.0/package/package.json not in flight; writing
70 verbose correctMkdir /Users/edwardpark/.npm correctMkdir not in flight; initializing
71 verbose afterAdd /Users/edwardpark/.npm/pg-native/1.10.0/package/package.json written
72 silly fetchNamedPackageData libpq
73 silly mapToRegistry name libpq
74 silly mapToRegistry using default registry
75 silly mapToRegistry registry https://registry.npmjs.org/
76 silly mapToRegistry data Result {
76 silly mapToRegistry   raw: 'libpq',
76 silly mapToRegistry   scope: null,
76 silly mapToRegistry   escapedName: 'libpq',
76 silly mapToRegistry   name: 'libpq',
76 silly mapToRegistry   rawSpec: '',
76 silly mapToRegistry   spec: 'latest',
76 silly mapToRegistry   type: 'tag' }
77 silly mapToRegistry uri https://registry.npmjs.org/libpq
78 silly fetchNamedPackageData pg-types
79 silly mapToRegistry name pg-types
80 silly mapToRegistry using default registry
81 silly mapToRegistry registry https://registry.npmjs.org/
82 silly mapToRegistry data Result {
82 silly mapToRegistry   raw: 'pg-types',
82 silly mapToRegistry   scope: null,
82 silly mapToRegistry   escapedName: 'pg-types',
82 silly mapToRegistry   name: 'pg-types',
82 silly mapToRegistry   rawSpec: '',
82 silly mapToRegistry   spec: 'latest',
82 silly mapToRegistry   type: 'tag' }
83 silly mapToRegistry uri https://registry.npmjs.org/pg-types
84 silly fetchNamedPackageData readable-stream
85 silly mapToRegistry name readable-stream
86 silly mapToRegistry using default registry
87 silly mapToRegistry registry https://registry.npmjs.org/
88 silly mapToRegistry data Result {
88 silly mapToRegistry   raw: 'readable-stream',
88 silly mapToRegistry   scope: null,
88 silly mapToRegistry   escapedName: 'readable-stream',
88 silly mapToRegistry   name: 'readable-stream',
88 silly mapToRegistry   rawSpec: '',
88 silly mapToRegistry   spec: 'latest',
88 silly mapToRegistry   type: 'tag' }
89 silly mapToRegistry uri https://registry.npmjs.org/readable-stream
90 verbose request uri https://registry.npmjs.org/libpq
91 verbose request no auth needed
92 info attempt registry request try #1 at 8:41:59 PM
93 http request GET https://registry.npmjs.org/libpq
94 verbose request uri https://registry.npmjs.org/pg-types
95 verbose request no auth needed
96 info attempt registry request try #1 at 8:41:59 PM
97 verbose etag W/"571a65ca-4149"
98 verbose lastModified Fri, 22 Apr 2016 17:56:26 GMT
99 http request GET https://registry.npmjs.org/pg-types
100 verbose request uri https://registry.npmjs.org/readable-stream
101 verbose request no auth needed
102 info attempt registry request try #1 at 8:41:59 PM
103 verbose etag W/"5829b685-12389"
104 verbose lastModified Mon, 14 Nov 2016 13:05:09 GMT
105 http request GET https://registry.npmjs.org/readable-stream
106 http 200 https://registry.npmjs.org/libpq
107 verbose headers { server: 'nginx/1.10.1',
107 verbose headers   'content-type': 'application/json',
107 verbose headers   'last-modified': 'Wed, 03 Aug 2016 15:30:37 GMT',
107 verbose headers   etag: 'W/"57a20e1d-e371"',
107 verbose headers   'content-encoding': 'gzip',
107 verbose headers   'cache-control': 'max-age=300',
107 verbose headers   'content-length': '10407',
107 verbose headers   'accept-ranges': 'bytes',
107 verbose headers   date: 'Sat, 19 Nov 2016 04:41:59 GMT',
107 verbose headers   via: '1.1 varnish',
107 verbose headers   age: '135',
107 verbose headers   connection: 'keep-alive',
107 verbose headers   'x-served-by': 'cache-sea1924-SEA',
107 verbose headers   'x-cache': 'HIT',
107 verbose headers   'x-cache-hits': '1',
107 verbose headers   'x-timer': 'S1479530519.201563,VS0,VE0',
107 verbose headers   vary: 'Accept-Encoding' }
108 silly get cb [ 200,
108 silly get   { server: 'nginx/1.10.1',
108 silly get     'content-type': 'application/json',
108 silly get     'last-modified': 'Wed, 03 Aug 2016 15:30:37 GMT',
108 silly get     etag: 'W/"57a20e1d-e371"',
108 silly get     'content-encoding': 'gzip',
108 silly get     'cache-control': 'max-age=300',
108 silly get     'content-length': '10407',
108 silly get     'accept-ranges': 'bytes',
108 silly get     date: 'Sat, 19 Nov 2016 04:41:59 GMT',
108 silly get     via: '1.1 varnish',
108 silly get     age: '135',
108 silly get     connection: 'keep-alive',
108 silly get     'x-served-by': 'cache-sea1924-SEA',
108 silly get     'x-cache': 'HIT',
108 silly get     'x-cache-hits': '1',
108 silly get     'x-timer': 'S1479530519.201563,VS0,VE0',
108 silly get     vary: 'Accept-Encoding' } ]
109 verbose get saving libpq to /Users/edwardpark/.npm/registry.npmjs.org/libpq/.cache.json
110 verbose correctMkdir /Users/edwardpark/.npm correctMkdir not in flight; initializing
111 silly resolveWithNewModule libpq@1.8.5 checking installable status
112 silly cache add args [ 'libpq@^1.7.0', null ]
113 verbose cache add spec libpq@^1.7.0
114 silly cache add parsed spec Result {
114 silly cache add   raw: 'libpq@^1.7.0',
114 silly cache add   scope: null,
114 silly cache add   escapedName: 'libpq',
114 silly cache add   name: 'libpq',
114 silly cache add   rawSpec: '^1.7.0',
114 silly cache add   spec: '>=1.7.0 <2.0.0',
114 silly cache add   type: 'range' }
115 silly addNamed libpq@>=1.7.0 <2.0.0
116 verbose addNamed ">=1.7.0 <2.0.0" is a valid semver range for libpq
117 silly addNameRange { name: 'libpq', range: '>=1.7.0 <2.0.0', hasData: false }
118 silly mapToRegistry name libpq
119 silly mapToRegistry using default registry
120 silly mapToRegistry registry https://registry.npmjs.org/
121 silly mapToRegistry data Result {
121 silly mapToRegistry   raw: 'libpq',
121 silly mapToRegistry   scope: null,
121 silly mapToRegistry   escapedName: 'libpq',
121 silly mapToRegistry   name: 'libpq',
121 silly mapToRegistry   rawSpec: '',
121 silly mapToRegistry   spec: 'latest',
121 silly mapToRegistry   type: 'tag' }
122 silly mapToRegistry uri https://registry.npmjs.org/libpq
123 verbose addNameRange registry:https://registry.npmjs.org/libpq not in flight; fetching
124 verbose get https://registry.npmjs.org/libpq not expired, no request
125 silly addNameRange number 2 { name: 'libpq', range: '>=1.7.0 <2.0.0', hasData: true }
126 silly addNameRange versions [ 'libpq',
126 silly addNameRange   [ '0.2.0',
126 silly addNameRange     '0.2.1',
126 silly addNameRange     '0.2.2',
126 silly addNameRange     '0.2.3',
126 silly addNameRange     '0.2.4',
126 silly addNameRange     '0.2.5',
126 silly addNameRange     '0.3.0',
126 silly addNameRange     '0.4.0',
126 silly addNameRange     '0.4.1',
126 silly addNameRange     '0.5.0',
126 silly addNameRange     '0.5.1',
126 silly addNameRange     '0.5.2',
126 silly addNameRange     '0.5.3',
126 silly addNameRange     '1.0.0',
126 silly addNameRange     '1.0.1',
126 silly addNameRange     '1.1.0',
126 silly addNameRange     '1.2.0',
126 silly addNameRange     '1.2.1',
126 silly addNameRange     '1.3.0',
126 silly addNameRange     '1.3.1',
126 silly addNameRange     '1.4.0',
126 silly addNameRange     '1.4.1',
126 silly addNameRange     '1.4.2',
126 silly addNameRange     '1.5.1',
126 silly addNameRange     '1.6.0',
126 silly addNameRange     '1.6.1',
126 silly addNameRange     '1.6.2',
126 silly addNameRange     '1.6.3',
126 silly addNameRange     '1.6.4',
126 silly addNameRange     '1.7.0',
126 silly addNameRange     '1.8.0',
126 silly addNameRange     '1.8.1',
126 silly addNameRange     '1.8.2',
126 silly addNameRange     '1.8.3',
126 silly addNameRange     '1.8.4',
126 silly addNameRange     '1.8.5' ] ]
127 silly addNamed libpq@1.8.5
128 verbose addNamed "1.8.5" is a plain semver version for libpq
129 silly mapToRegistry name libpq
130 silly mapToRegistry using default registry
131 silly mapToRegistry registry https://registry.npmjs.org/
132 silly mapToRegistry data Result {
132 silly mapToRegistry   raw: 'libpq',
132 silly mapToRegistry   scope: null,
132 silly mapToRegistry   escapedName: 'libpq',
132 silly mapToRegistry   name: 'libpq',
132 silly mapToRegistry   rawSpec: '',
132 silly mapToRegistry   spec: 'latest',
132 silly mapToRegistry   type: 'tag' }
133 silly mapToRegistry uri https://registry.npmjs.org/libpq
134 verbose addRemoteTarball https://registry.npmjs.org/libpq/-/libpq-1.8.5.tgz not in flight; adding
135 verbose addRemoteTarball [ 'https://registry.npmjs.org/libpq/-/libpq-1.8.5.tgz',
135 verbose addRemoteTarball   '9ef5bb509e1658908c19474088031db3dc7d4e48' ]
136 info retry fetch attempt 1 at 8:41:59 PM
137 info attempt registry request try #1 at 8:41:59 PM
138 http fetch GET https://registry.npmjs.org/libpq/-/libpq-1.8.5.tgz
139 http fetch 200 https://registry.npmjs.org/libpq/-/libpq-1.8.5.tgz
140 silly fetchAndShaCheck shasum 9ef5bb509e1658908c19474088031db3dc7d4e48
141 verbose addTmpTarball /var/folders/j6/djzkpk5x0wz1rn1jd1l_19080000gn/T/npm-22936-54030089/registry.npmjs.org/libpq/-/libpq-1.8.5.tgz not in flight; adding
142 verbose addTmpTarball already have metadata; skipping unpack for libpq@1.8.5
143 verbose correctMkdir /Users/edwardpark/.npm correctMkdir not in flight; initializing
144 silly cache afterAdd libpq@1.8.5
145 verbose afterAdd /Users/edwardpark/.npm/libpq/1.8.5/package/package.json not in flight; writing
146 verbose correctMkdir /Users/edwardpark/.npm correctMkdir not in flight; initializing
147 verbose afterAdd /Users/edwardpark/.npm/libpq/1.8.5/package/package.json written
148 http 304 https://registry.npmjs.org/readable-stream
149 verbose headers { date: 'Sat, 19 Nov 2016 04:41:59 GMT',
149 verbose headers   via: '1.1 varnish',
149 verbose headers   'cache-control': 'max-age=300',
149 verbose headers   etag: 'W/"5829b685-12389"',
149 verbose headers   age: '164',
149 verbose headers   connection: 'keep-alive',
149 verbose headers   'x-served-by': 'cache-sea1921-SEA',
149 verbose headers   'x-cache': 'HIT',
149 verbose headers   'x-cache-hits': '20',
149 verbose headers   'x-timer': 'S1479530519.279414,VS0,VE0',
149 verbose headers   vary: 'Accept-Encoding' }
150 silly get cb [ 304,
150 silly get   { date: 'Sat, 19 Nov 2016 04:41:59 GMT',
150 silly get     via: '1.1 varnish',
150 silly get     'cache-control': 'max-age=300',
150 silly get     etag: 'W/"5829b685-12389"',
150 silly get     age: '164',
150 silly get     connection: 'keep-alive',
150 silly get     'x-served-by': 'cache-sea1921-SEA',
150 silly get     'x-cache': 'HIT',
150 silly get     'x-cache-hits': '20',
150 silly get     'x-timer': 'S1479530519.279414,VS0,VE0',
150 silly get     vary: 'Accept-Encoding' } ]
151 verbose etag https://registry.npmjs.org/readable-stream from cache
152 verbose get saving readable-stream to /Users/edwardpark/.npm/registry.npmjs.org/readable-stream/.cache.json
153 verbose correctMkdir /Users/edwardpark/.npm correctMkdir not in flight; initializing
154 silly resolveWithNewModule readable-stream@1.0.31 checking installable status
155 silly cache add args [ 'readable-stream@1.0.31', null ]
156 verbose cache add spec readable-stream@1.0.31
157 silly cache add parsed spec Result {
157 silly cache add   raw: 'readable-stream@1.0.31',
157 silly cache add   scope: null,
157 silly cache add   escapedName: 'readable-stream',
157 silly cache add   name: 'readable-stream',
157 silly cache add   rawSpec: '1.0.31',
157 silly cache add   spec: '1.0.31',
157 silly cache add   type: 'version' }
158 silly addNamed readable-stream@1.0.31
159 verbose addNamed "1.0.31" is a plain semver version for readable-stream
160 silly mapToRegistry name readable-stream
161 silly mapToRegistry using default registry
162 silly mapToRegistry registry https://registry.npmjs.org/
163 silly mapToRegistry data Result {
163 silly mapToRegistry   raw: 'readable-stream',
163 silly mapToRegistry   scope: null,
163 silly mapToRegistry   escapedName: 'readable-stream',
163 silly mapToRegistry   name: 'readable-stream',
163 silly mapToRegistry   rawSpec: '',
163 silly mapToRegistry   spec: 'latest',
163 silly mapToRegistry   type: 'tag' }
164 silly mapToRegistry uri https://registry.npmjs.org/readable-stream
165 verbose addNameVersion registry:https://registry.npmjs.org/readable-stream not in flight; fetching
166 http 304 https://registry.npmjs.org/pg-types
167 verbose headers { date: 'Sat, 19 Nov 2016 04:41:59 GMT',
167 verbose headers   via: '1.1 varnish',
167 verbose headers   'cache-control': 'max-age=300',
167 verbose headers   etag: 'W/"571a65ca-4149"',
167 verbose headers   age: '0',
167 verbose headers   connection: 'keep-alive',
167 verbose headers   'x-served-by': 'cache-sea1926-SEA',
167 verbose headers   'x-cache': 'HIT',
167 verbose headers   'x-cache-hits': '1',
167 verbose headers   'x-timer': 'S1479530519.279453,VS0,VE7',
167 verbose headers   vary: 'Accept-Encoding' }
168 silly get cb [ 304,
168 silly get   { date: 'Sat, 19 Nov 2016 04:41:59 GMT',
168 silly get     via: '1.1 varnish',
168 silly get     'cache-control': 'max-age=300',
168 silly get     etag: 'W/"571a65ca-4149"',
168 silly get     age: '0',
168 silly get     connection: 'keep-alive',
168 silly get     'x-served-by': 'cache-sea1926-SEA',
168 silly get     'x-cache': 'HIT',
168 silly get     'x-cache-hits': '1',
168 silly get     'x-timer': 'S1479530519.279453,VS0,VE7',
168 silly get     vary: 'Accept-Encoding' } ]
169 verbose etag https://registry.npmjs.org/pg-types from cache
170 verbose get saving pg-types to /Users/edwardpark/.npm/registry.npmjs.org/pg-types/.cache.json
171 verbose correctMkdir /Users/edwardpark/.npm correctMkdir not in flight; initializing
172 verbose get https://registry.npmjs.org/readable-stream not expired, no request
173 silly cache afterAdd readable-stream@1.0.31
174 verbose afterAdd /Users/edwardpark/.npm/readable-stream/1.0.31/package/package.json not in flight; writing
175 verbose correctMkdir /Users/edwardpark/.npm correctMkdir not in flight; initializing
176 silly resolveWithNewModule pg-types@1.6.0 checking installable status
177 silly cache add args [ 'pg-types@1.6.0', null ]
178 verbose cache add spec pg-types@1.6.0
179 silly cache add parsed spec Result {
179 silly cache add   raw: 'pg-types@1.6.0',
179 silly cache add   scope: null,
179 silly cache add   escapedName: 'pg-types',
179 silly cache add   name: 'pg-types',
179 silly cache add   rawSpec: '1.6.0',
179 silly cache add   spec: '1.6.0',
179 silly cache add   type: 'version' }
180 silly addNamed pg-types@1.6.0
181 verbose addNamed "1.6.0" is a plain semver version for pg-types
182 silly mapToRegistry name pg-types
183 silly mapToRegistry using default registry
184 silly mapToRegistry registry https://registry.npmjs.org/
185 silly mapToRegistry data Result {
185 silly mapToRegistry   raw: 'pg-types',
185 silly mapToRegistry   scope: null,
185 silly mapToRegistry   escapedName: 'pg-types',
185 silly mapToRegistry   name: 'pg-types',
185 silly mapToRegistry   rawSpec: '',
185 silly mapToRegistry   spec: 'latest',
185 silly mapToRegistry   type: 'tag' }
186 silly mapToRegistry uri https://registry.npmjs.org/pg-types
187 verbose addNameVersion registry:https://registry.npmjs.org/pg-types not in flight; fetching
188 verbose get https://registry.npmjs.org/pg-types not expired, no request
189 verbose afterAdd /Users/edwardpark/.npm/readable-stream/1.0.31/package/package.json written
190 silly cache afterAdd pg-types@1.6.0
191 verbose afterAdd /Users/edwardpark/.npm/pg-types/1.6.0/package/package.json not in flight; writing
192 verbose correctMkdir /Users/edwardpark/.npm correctMkdir not in flight; initializing
193 verbose afterAdd /Users/edwardpark/.npm/pg-types/1.6.0/package/package.json written
194 silly fetchNamedPackageData nan
195 silly mapToRegistry name nan
196 silly mapToRegistry using default registry
197 silly mapToRegistry registry https://registry.npmjs.org/
198 silly mapToRegistry data Result {
198 silly mapToRegistry   raw: 'nan',
198 silly mapToRegistry   scope: null,
198 silly mapToRegistry   escapedName: 'nan',
198 silly mapToRegistry   name: 'nan',
198 silly mapToRegistry   rawSpec: '',
198 silly mapToRegistry   spec: 'latest',
198 silly mapToRegistry   type: 'tag' }
199 silly mapToRegistry uri https://registry.npmjs.org/nan
200 silly fetchNamedPackageData bindings
201 silly mapToRegistry name bindings
202 silly mapToRegistry using default registry
203 silly mapToRegistry registry https://registry.npmjs.org/
204 silly mapToRegistry data Result {
204 silly mapToRegistry   raw: 'bindings',
204 silly mapToRegistry   scope: null,
204 silly mapToRegistry   escapedName: 'bindings',
204 silly mapToRegistry   name: 'bindings',
204 silly mapToRegistry   rawSpec: '',
204 silly mapToRegistry   spec: 'latest',
204 silly mapToRegistry   type: 'tag' }
205 silly mapToRegistry uri https://registry.npmjs.org/bindings
206 verbose request uri https://registry.npmjs.org/nan
207 verbose request no auth needed
208 info attempt registry request try #1 at 8:41:59 PM
209 verbose etag W/"5818d749-1ce1e"
210 verbose lastModified Tue, 01 Nov 2016 17:56:25 GMT
211 http request GET https://registry.npmjs.org/nan
212 verbose request uri https://registry.npmjs.org/bindings
213 verbose request no auth needed
214 info attempt registry request try #1 at 8:41:59 PM
215 verbose etag "8QW29MHCPCE6VJCVI3QVXRJAQ"
216 http request GET https://registry.npmjs.org/bindings
217 http 304 https://registry.npmjs.org/nan
218 verbose headers { date: 'Sat, 19 Nov 2016 04:41:59 GMT',
218 verbose headers   via: '1.1 varnish',
218 verbose headers   'cache-control': 'max-age=300',
218 verbose headers   etag: 'W/"5818d749-1ce1e"',
218 verbose headers   age: '146',
218 verbose headers   connection: 'keep-alive',
218 verbose headers   'x-served-by': 'cache-sea1924-SEA',
218 verbose headers   'x-cache': 'HIT',
218 verbose headers   'x-cache-hits': '9',
218 verbose headers   'x-timer': 'S1479530519.352195,VS0,VE0',
218 verbose headers   vary: 'Accept-Encoding' }
219 silly get cb [ 304,
219 silly get   { date: 'Sat, 19 Nov 2016 04:41:59 GMT',
219 silly get     via: '1.1 varnish',
219 silly get     'cache-control': 'max-age=300',
219 silly get     etag: 'W/"5818d749-1ce1e"',
219 silly get     age: '146',
219 silly get     connection: 'keep-alive',
219 silly get     'x-served-by': 'cache-sea1924-SEA',
219 silly get     'x-cache': 'HIT',
219 silly get     'x-cache-hits': '9',
219 silly get     'x-timer': 'S1479530519.352195,VS0,VE0',
219 silly get     vary: 'Accept-Encoding' } ]
220 verbose etag https://registry.npmjs.org/nan from cache
221 verbose get saving nan to /Users/edwardpark/.npm/registry.npmjs.org/nan/.cache.json
222 verbose correctMkdir /Users/edwardpark/.npm correctMkdir not in flight; initializing
223 http 200 https://registry.npmjs.org/bindings
224 verbose headers { server: 'nginx/1.10.1',
224 verbose headers   'content-type': 'application/json',
224 verbose headers   'last-modified': 'Tue, 18 Oct 2016 15:54:59 GMT',
224 verbose headers   etag: 'W/"580645d3-46f7"',
224 verbose headers   'content-encoding': 'gzip',
224 verbose headers   'cache-control': 'max-age=300',
224 verbose headers   'content-length': '3493',
224 verbose headers   'accept-ranges': 'bytes',
224 verbose headers   date: 'Sat, 19 Nov 2016 04:41:59 GMT',
224 verbose headers   via: '1.1 varnish',
224 verbose headers   age: '20',
224 verbose headers   connection: 'keep-alive',
224 verbose headers   'x-served-by': 'cache-sea1921-SEA',
224 verbose headers   'x-cache': 'HIT',
224 verbose headers   'x-cache-hits': '15',
224 verbose headers   'x-timer': 'S1479530519.353070,VS0,VE0',
224 verbose headers   vary: 'Accept-Encoding' }
225 silly get cb [ 200,
225 silly get   { server: 'nginx/1.10.1',
225 silly get     'content-type': 'application/json',
225 silly get     'last-modified': 'Tue, 18 Oct 2016 15:54:59 GMT',
225 silly get     etag: 'W/"580645d3-46f7"',
225 silly get     'content-encoding': 'gzip',
225 silly get     'cache-control': 'max-age=300',
225 silly get     'content-length': '3493',
225 silly get     'accept-ranges': 'bytes',
225 silly get     date: 'Sat, 19 Nov 2016 04:41:59 GMT',
225 silly get     via: '1.1 varnish',
225 silly get     age: '20',
225 silly get     connection: 'keep-alive',
225 silly get     'x-served-by': 'cache-sea1921-SEA',
225 silly get     'x-cache': 'HIT',
225 silly get     'x-cache-hits': '15',
225 silly get     'x-timer': 'S1479530519.353070,VS0,VE0',
225 silly get     vary: 'Accept-Encoding' } ]
226 verbose get saving bindings to /Users/edwardpark/.npm/registry.npmjs.org/bindings/.cache.json
227 verbose correctMkdir /Users/edwardpark/.npm correctMkdir not in flight; initializing
228 silly resolveWithNewModule nan@2.4.0 checking installable status
229 silly cache add args [ 'nan@^2.3.0', null ]
230 verbose cache add spec nan@^2.3.0
231 silly cache add parsed spec Result {
231 silly cache add   raw: 'nan@^2.3.0',
231 silly cache add   scope: null,
231 silly cache add   escapedName: 'nan',
231 silly cache add   name: 'nan',
231 silly cache add   rawSpec: '^2.3.0',
231 silly cache add   spec: '>=2.3.0 <3.0.0',
231 silly cache add   type: 'range' }
232 silly addNamed nan@>=2.3.0 <3.0.0
233 verbose addNamed ">=2.3.0 <3.0.0" is a valid semver range for nan
234 silly addNameRange { name: 'nan', range: '>=2.3.0 <3.0.0', hasData: false }
235 silly mapToRegistry name nan
236 silly mapToRegistry using default registry
237 silly mapToRegistry registry https://registry.npmjs.org/
238 silly mapToRegistry data Result {
238 silly mapToRegistry   raw: 'nan',
238 silly mapToRegistry   scope: null,
238 silly mapToRegistry   escapedName: 'nan',
238 silly mapToRegistry   name: 'nan',
238 silly mapToRegistry   rawSpec: '',
238 silly mapToRegistry   spec: 'latest',
238 silly mapToRegistry   type: 'tag' }
239 silly mapToRegistry uri https://registry.npmjs.org/nan
240 verbose addNameRange registry:https://registry.npmjs.org/nan not in flight; fetching
241 silly resolveWithNewModule bindings@1.2.1 checking installable status
242 silly cache add args [ 'bindings@1.2.1', null ]
243 verbose cache add spec bindings@1.2.1
244 silly cache add parsed spec Result {
244 silly cache add   raw: 'bindings@1.2.1',
244 silly cache add   scope: null,
244 silly cache add   escapedName: 'bindings',
244 silly cache add   name: 'bindings',
244 silly cache add   rawSpec: '1.2.1',
244 silly cache add   spec: '1.2.1',
244 silly cache add   type: 'version' }
245 silly addNamed bindings@1.2.1
246 verbose addNamed "1.2.1" is a plain semver version for bindings
247 silly mapToRegistry name bindings
248 silly mapToRegistry using default registry
249 silly mapToRegistry registry https://registry.npmjs.org/
250 silly mapToRegistry data Result {
250 silly mapToRegistry   raw: 'bindings',
250 silly mapToRegistry   scope: null,
250 silly mapToRegistry   escapedName: 'bindings',
250 silly mapToRegistry   name: 'bindings',
250 silly mapToRegistry   rawSpec: '',
250 silly mapToRegistry   spec: 'latest',
250 silly mapToRegistry   type: 'tag' }
251 silly mapToRegistry uri https://registry.npmjs.org/bindings
252 verbose addNameVersion registry:https://registry.npmjs.org/bindings not in flight; fetching
253 verbose get https://registry.npmjs.org/nan not expired, no request
254 silly addNameRange number 2 { name: 'nan', range: '>=2.3.0 <3.0.0', hasData: true }
255 silly addNameRange versions [ 'nan',
255 silly addNameRange   [ '0.3.0-wip',
255 silly addNameRange     '0.3.0-wip2',
255 silly addNameRange     '0.3.0',
255 silly addNameRange     '0.3.1',
255 silly addNameRange     '0.3.2',
255 silly addNameRange     '0.4.0',
255 silly addNameRange     '0.4.1',
255 silly addNameRange     '0.4.2',
255 silly addNameRange     '0.4.3',
255 silly addNameRange     '0.4.4',
255 silly addNameRange     '0.5.0',
255 silly addNameRange     '0.5.1',
255 silly addNameRange     '0.5.2',
255 silly addNameRange     '0.6.0',
255 silly addNameRange     '0.7.0',
255 silly addNameRange     '0.7.1',
255 silly addNameRange     '0.8.0',
255 silly addNameRange     '1.0.0',
255 silly addNameRange     '1.1.0',
255 silly addNameRange     '1.1.1',
255 silly addNameRange     '1.1.2',
255 silly addNameRange     '1.2.0',
255 silly addNameRange     '1.3.0',
255 silly addNameRange     '1.4.0',
255 silly addNameRange     '1.4.1',
255 silly addNameRange     '1.5.0',
255 silly addNameRange     '1.4.2',
255 silly addNameRange     '1.4.3',
255 silly addNameRange     '1.5.1',
255 silly addNameRange     '1.5.2',
255 silly addNameRange     '1.6.0',
255 silly addNameRange     '1.5.3',
255 silly addNameRange     '1.6.1',
255 silly addNameRange     '1.6.2',
255 silly addNameRange     '1.7.0',
255 silly addNameRange     '1.8.0',
255 silly addNameRange     '1.8.1',
255 silly addNameRange     '1.8.2',
255 silly addNameRange     '1.8.3',
255 silly addNameRange     '1.8.4',
255 silly addNameRange     '1.9.0',
255 silly addNameRange     '2.0.0',
255 silly addNameRange     '2.0.1',
255 silly addNameRange     '2.0.2',
255 silly addNameRange     '2.0.3',
255 silly addNameRange     '2.0.4',
255 silly addNameRange     '2.0.5',
255 silly addNameRange     '2.0.6',
255 silly addNameRange     '2.0.7',
255 silly addNameRange     '2.0.8',
255 silly addNameRange     '2.0.9',
255 silly addNameRange     '2.1.0',
255 silly addNameRange     '2.2.0',
255 silly addNameRange     '2.2.1',
255 silly addNameRange     '2.3.0',
255 silly addNameRange     '2.3.1',
255 silly addNameRange     '2.3.2',
255 silly addNameRange     '2.3.3',
255 silly addNameRange     '2.3.4',
255 silly addNameRange     '2.3.5',
255 silly addNameRange     '2.4.0' ] ]
256 silly addNamed nan@2.4.0
257 verbose addNamed "2.4.0" is a plain semver version for nan
258 verbose get https://registry.npmjs.org/bindings not expired, no request
259 silly cache afterAdd nan@2.4.0
260 verbose afterAdd /Users/edwardpark/.npm/nan/2.4.0/package/package.json not in flight; writing
261 verbose correctMkdir /Users/edwardpark/.npm correctMkdir not in flight; initializing
262 silly cache afterAdd bindings@1.2.1
263 verbose afterAdd /Users/edwardpark/.npm/bindings/1.2.1/package/package.json not in flight; writing
264 verbose correctMkdir /Users/edwardpark/.npm correctMkdir not in flight; initializing
265 verbose afterAdd /Users/edwardpark/.npm/nan/2.4.0/package/package.json written
266 verbose afterAdd /Users/edwardpark/.npm/bindings/1.2.1/package/package.json written
267 silly fetchNamedPackageData core-util-is
268 silly mapToRegistry name core-util-is
269 silly mapToRegistry using default registry
270 silly mapToRegistry registry https://registry.npmjs.org/
271 silly mapToRegistry data Result {
271 silly mapToRegistry   raw: 'core-util-is',
271 silly mapToRegistry   scope: null,
271 silly mapToRegistry   escapedName: 'core-util-is',
271 silly mapToRegistry   name: 'core-util-is',
271 silly mapToRegistry   rawSpec: '',
271 silly mapToRegistry   spec: 'latest',
271 silly mapToRegistry   type: 'tag' }
272 silly mapToRegistry uri https://registry.npmjs.org/core-util-is
273 silly fetchNamedPackageData string_decoder
274 silly mapToRegistry name string_decoder
275 silly mapToRegistry using default registry
276 silly mapToRegistry registry https://registry.npmjs.org/
277 silly mapToRegistry data Result {
277 silly mapToRegistry   raw: 'string_decoder',
277 silly mapToRegistry   scope: null,
277 silly mapToRegistry   escapedName: 'string_decoder',
277 silly mapToRegistry   name: 'string_decoder',
277 silly mapToRegistry   rawSpec: '',
277 silly mapToRegistry   spec: 'latest',
277 silly mapToRegistry   type: 'tag' }
278 silly mapToRegistry uri https://registry.npmjs.org/string_decoder
279 verbose request uri https://registry.npmjs.org/string_decoder
280 verbose request no auth needed
281 info attempt registry request try #1 at 8:41:59 PM
282 verbose etag W/"5818e188-2287"
283 verbose lastModified Tue, 01 Nov 2016 18:40:08 GMT
284 http request GET https://registry.npmjs.org/string_decoder
285 verbose request uri https://registry.npmjs.org/core-util-is
286 verbose request no auth needed
287 info attempt registry request try #1 at 8:41:59 PM
288 verbose etag W/"564e6b4d-ea6"
289 verbose lastModified Fri, 20 Nov 2015 00:37:33 GMT
290 http request GET https://registry.npmjs.org/core-util-is
291 http 304 https://registry.npmjs.org/core-util-is
292 verbose headers { date: 'Sat, 19 Nov 2016 04:41:59 GMT',
292 verbose headers   via: '1.1 varnish',
292 verbose headers   'cache-control': 'max-age=300',
292 verbose headers   etag: 'W/"564e6b4d-ea6"',
292 verbose headers   age: '147',
292 verbose headers   connection: 'keep-alive',
292 verbose headers   'x-served-by': 'cache-sea1924-SEA',
292 verbose headers   'x-cache': 'HIT',
292 verbose headers   'x-cache-hits': '10',
292 verbose headers   'x-timer': 'S1479530519.415486,VS0,VE0',
292 verbose headers   vary: 'Accept-Encoding' }
293 silly get cb [ 304,
293 silly get   { date: 'Sat, 19 Nov 2016 04:41:59 GMT',
293 silly get     via: '1.1 varnish',
293 silly get     'cache-control': 'max-age=300',
293 silly get     etag: 'W/"564e6b4d-ea6"',
293 silly get     age: '147',
293 silly get     connection: 'keep-alive',
293 silly get     'x-served-by': 'cache-sea1924-SEA',
293 silly get     'x-cache': 'HIT',
293 silly get     'x-cache-hits': '10',
293 silly get     'x-timer': 'S1479530519.415486,VS0,VE0',
293 silly get     vary: 'Accept-Encoding' } ]
294 verbose etag https://registry.npmjs.org/core-util-is from cache
295 verbose get saving core-util-is to /Users/edwardpark/.npm/registry.npmjs.org/core-util-is/.cache.json
296 verbose correctMkdir /Users/edwardpark/.npm correctMkdir not in flight; initializing
297 http 304 https://registry.npmjs.org/string_decoder
298 verbose headers { date: 'Sat, 19 Nov 2016 04:41:59 GMT',
298 verbose headers   via: '1.1 varnish',
298 verbose headers   'cache-control': 'max-age=300',
298 verbose headers   etag: 'W/"5818e188-2287"',
298 verbose headers   age: '144',
298 verbose headers   connection: 'keep-alive',
298 verbose headers   'x-served-by': 'cache-sea1926-SEA',
298 verbose headers   'x-cache': 'HIT',
298 verbose headers   'x-cache-hits': '16',
298 verbose headers   'x-timer': 'S1479530519.415620,VS0,VE0',
298 verbose headers   vary: 'Accept-Encoding' }
299 silly get cb [ 304,
299 silly get   { date: 'Sat, 19 Nov 2016 04:41:59 GMT',
299 silly get     via: '1.1 varnish',
299 silly get     'cache-control': 'max-age=300',
299 silly get     etag: 'W/"5818e188-2287"',
299 silly get     age: '144',
299 silly get     connection: 'keep-alive',
299 silly get     'x-served-by': 'cache-sea1926-SEA',
299 silly get     'x-cache': 'HIT',
299 silly get     'x-cache-hits': '16',
299 silly get     'x-timer': 'S1479530519.415620,VS0,VE0',
299 silly get     vary: 'Accept-Encoding' } ]
300 verbose etag https://registry.npmjs.org/string_decoder from cache
301 verbose get saving string_decoder to /Users/edwardpark/.npm/registry.npmjs.org/string_decoder/.cache.json
302 verbose correctMkdir /Users/edwardpark/.npm correctMkdir not in flight; initializing
303 silly resolveWithNewModule core-util-is@1.0.2 checking installable status
304 silly cache add args [ 'core-util-is@~1.0.0', null ]
305 verbose cache add spec core-util-is@~1.0.0
306 silly cache add parsed spec Result {
306 silly cache add   raw: 'core-util-is@~1.0.0',
306 silly cache add   scope: null,
306 silly cache add   escapedName: 'core-util-is',
306 silly cache add   name: 'core-util-is',
306 silly cache add   rawSpec: '~1.0.0',
306 silly cache add   spec: '>=1.0.0 <1.1.0',
306 silly cache add   type: 'range' }
307 silly addNamed core-util-is@>=1.0.0 <1.1.0
308 verbose addNamed ">=1.0.0 <1.1.0" is a valid semver range for core-util-is
309 silly addNameRange { name: 'core-util-is', range: '>=1.0.0 <1.1.0', hasData: false }
310 silly mapToRegistry name core-util-is
311 silly mapToRegistry using default registry
312 silly mapToRegistry registry https://registry.npmjs.org/
313 silly mapToRegistry data Result {
313 silly mapToRegistry   raw: 'core-util-is',
313 silly mapToRegistry   scope: null,
313 silly mapToRegistry   escapedName: 'core-util-is',
313 silly mapToRegistry   name: 'core-util-is',
313 silly mapToRegistry   rawSpec: '',
313 silly mapToRegistry   spec: 'latest',
313 silly mapToRegistry   type: 'tag' }
314 silly mapToRegistry uri https://registry.npmjs.org/core-util-is
315 verbose addNameRange registry:https://registry.npmjs.org/core-util-is not in flight; fetching
316 silly resolveWithNewModule string_decoder@0.10.31 checking installable status
317 silly cache add args [ 'string_decoder@~0.10.x', null ]
318 verbose cache add spec string_decoder@~0.10.x
319 silly cache add parsed spec Result {
319 silly cache add   raw: 'string_decoder@~0.10.x',
319 silly cache add   scope: null,
319 silly cache add   escapedName: 'string_decoder',
319 silly cache add   name: 'string_decoder',
319 silly cache add   rawSpec: '~0.10.x',
319 silly cache add   spec: '>=0.10.0 <0.11.0',
319 silly cache add   type: 'range' }
320 silly addNamed string_decoder@>=0.10.0 <0.11.0
321 verbose addNamed ">=0.10.0 <0.11.0" is a valid semver range for string_decoder
322 silly addNameRange { name: 'string_decoder',
322 silly addNameRange   range: '>=0.10.0 <0.11.0',
322 silly addNameRange   hasData: false }
323 silly mapToRegistry name string_decoder
324 silly mapToRegistry using default registry
325 silly mapToRegistry registry https://registry.npmjs.org/
326 silly mapToRegistry data Result {
326 silly mapToRegistry   raw: 'string_decoder',
326 silly mapToRegistry   scope: null,
326 silly mapToRegistry   escapedName: 'string_decoder',
326 silly mapToRegistry   name: 'string_decoder',
326 silly mapToRegistry   rawSpec: '',
326 silly mapToRegistry   spec: 'latest',
326 silly mapToRegistry   type: 'tag' }
327 silly mapToRegistry uri https://registry.npmjs.org/string_decoder
328 verbose addNameRange registry:https://registry.npmjs.org/string_decoder not in flight; fetching
329 verbose get https://registry.npmjs.org/core-util-is not expired, no request
330 silly addNameRange number 2 { name: 'core-util-is', range: '>=1.0.0 <1.1.0', hasData: true }
331 silly addNameRange versions [ 'core-util-is', [ '1.0.0', '1.0.1', '1.0.2' ] ]
332 silly addNamed core-util-is@1.0.2
333 verbose addNamed "1.0.2" is a plain semver version for core-util-is
334 verbose get https://registry.npmjs.org/string_decoder not expired, no request
335 silly addNameRange number 2 { name: 'string_decoder',
335 silly addNameRange   range: '>=0.10.0 <0.11.0',
335 silly addNameRange   hasData: true }
336 silly addNameRange versions [ 'string_decoder',
336 silly addNameRange   [ '0.0.0',
336 silly addNameRange     '0.0.1',
336 silly addNameRange     '0.10.24',
336 silly addNameRange     '0.11.10',
336 silly addNameRange     '0.10.25',
336 silly addNameRange     '0.11.10-1',
336 silly addNameRange     '0.10.25-1',
336 silly addNameRange     '0.10.31' ] ]
337 silly addNamed string_decoder@0.10.31
338 verbose addNamed "0.10.31" is a plain semver version for string_decoder
339 silly cache afterAdd core-util-is@1.0.2
340 verbose afterAdd /Users/edwardpark/.npm/core-util-is/1.0.2/package/package.json not in flight; writing
341 verbose correctMkdir /Users/edwardpark/.npm correctMkdir not in flight; initializing
342 silly cache afterAdd string_decoder@0.10.31
343 verbose afterAdd /Users/edwardpark/.npm/string_decoder/0.10.31/package/package.json not in flight; writing
344 verbose correctMkdir /Users/edwardpark/.npm correctMkdir not in flight; initializing
345 verbose afterAdd /Users/edwardpark/.npm/string_decoder/0.10.31/package/package.json written
346 verbose afterAdd /Users/edwardpark/.npm/core-util-is/1.0.2/package/package.json written
347 silly loadAllDepsIntoIdealTree Finishing
348 silly loadIdealTree Finishing
349 silly currentTree googlegram@1.0.0
349 silly currentTree ├── accepts@1.3.3
349 silly currentTree ├── after@0.8.1
349 silly currentTree ├── ap@0.2.0
349 silly currentTree ├── array-flatten@1.1.1
349 silly currentTree ├── arraybuffer.slice@0.0.6
349 silly currentTree ├── backo2@1.0.2
349 silly currentTree ├── base64-arraybuffer@0.1.5
349 silly currentTree ├── base64id@0.1.0
349 silly currentTree ├── benchmark@1.0.0
349 silly currentTree ├── better-assert@1.0.2
349 silly currentTree ├── blob@0.0.4
349 silly currentTree ├── body-parser@1.15.2
349 silly currentTree ├── buffer-writer@1.0.1
349 silly currentTree ├── bytes@2.4.0
349 silly currentTree ├── callsite@1.0.0
349 silly currentTree ├── component-bind@1.0.0
349 silly currentTree ├── component-emitter@1.1.2
349 silly currentTree ├── component-inherit@0.0.3
349 silly currentTree ├── content-disposition@0.5.1
349 silly currentTree ├── content-type@1.0.2
349 silly currentTree ├── cookie-signature@1.0.6
349 silly currentTree ├── cookie@0.3.1
349 silly currentTree ├── debug@2.2.0
349 silly currentTree ├── depd@1.1.0
349 silly currentTree ├── destroy@1.0.4
349 silly currentTree ├── ee-first@1.1.1
349 silly currentTree ├── encodeurl@1.0.1
349 silly currentTree ├── engine.io-client@1.7.2
349 silly currentTree ├─┬ engine.io-parser@1.3.1
349 silly currentTree │ └── has-binary@0.1.6
349 silly currentTree ├── engine.io@1.7.2
349 silly currentTree ├── escape-html@1.0.3
349 silly currentTree ├── etag@1.7.0
349 silly currentTree ├── express@4.14.0
349 silly currentTree ├── finalhandler@0.5.0
349 silly currentTree ├── forwarded@0.1.0
349 silly currentTree ├── fresh@0.3.0
349 silly currentTree ├── generic-pool@2.4.2
349 silly currentTree ├── has-binary@0.1.7
349 silly currentTree ├── has-cors@1.1.0
349 silly currentTree ├── http-errors@1.5.1
349 silly currentTree ├── iconv-lite@0.4.13
349 silly currentTree ├── indexof@0.0.1
349 silly currentTree ├── inherits@2.0.3
349 silly currentTree ├── ipaddr.js@1.1.1
349 silly currentTree ├── isarray@0.0.1
349 silly currentTree ├── json3@3.2.6
349 silly currentTree ├── media-typer@0.3.0
349 silly currentTree ├── merge-descriptors@1.0.1
349 silly currentTree ├── methods@1.1.2
349 silly currentTree ├── mime-db@1.25.0
349 silly currentTree ├── mime-types@2.1.13
349 silly currentTree ├── mime@1.3.4
349 silly currentTree ├── ms@0.7.1
349 silly currentTree ├── negotiator@0.6.1
349 silly currentTree ├── object-assign@4.1.0
349 silly currentTree ├── object-component@0.0.3
349 silly currentTree ├── on-finished@2.3.0
349 silly currentTree ├── options@0.0.6
349 silly currentTree ├── packet-reader@0.2.0
349 silly currentTree ├── parsejson@0.0.1
349 silly currentTree ├── parseqs@0.0.2
349 silly currentTree ├── parseuri@0.0.4
349 silly currentTree ├── parseurl@1.3.1
349 silly currentTree ├── path-to-regexp@0.1.7
349 silly currentTree ├── pg-connection-string@0.1.3
349 silly currentTree ├── pg-pool@1.5.0
349 silly currentTree ├── pg-types@1.11.0
349 silly currentTree ├── pg@6.1.0
349 silly currentTree ├── pgpass@1.0.1
349 silly currentTree ├── postgres-array@1.0.0
349 silly currentTree ├── postgres-bytea@1.0.0
349 silly currentTree ├── postgres-date@1.0.3
349 silly currentTree ├── postgres-interval@1.0.2
349 silly currentTree ├── proxy-addr@1.1.2
349 silly currentTree ├── qs@6.2.0
349 silly currentTree ├── range-parser@1.2.0
349 silly currentTree ├── raw-body@2.1.7
349 silly currentTree ├── semver@4.3.2
349 silly currentTree ├── send@0.14.1
349 silly currentTree ├── serve-static@1.11.1
349 silly currentTree ├── setprototypeof@1.0.2
349 silly currentTree ├─┬ socket.io-adapter@0.4.0
349 silly currentTree │ └─┬ socket.io-parser@2.2.2
349 silly currentTree │   └── debug@0.7.4
349 silly currentTree ├─┬ socket.io-client@1.5.1
349 silly currentTree │ └── component-emitter@1.2.0
349 silly currentTree ├─┬ socket.io-parser@2.3.1
349 silly currentTree │ └── json3@3.3.2
349 silly currentTree ├── socket.io@1.5.1
349 silly currentTree ├── split@1.0.0
349 silly currentTree ├── statuses@1.3.1
349 silly currentTree ├── through@2.3.8
349 silly currentTree ├── to-array@0.1.4
349 silly currentTree ├── type-is@1.6.13
349 silly currentTree ├── ultron@1.0.2
349 silly currentTree ├── unpipe@1.0.0
349 silly currentTree ├── utils-merge@1.0.0
349 silly currentTree ├── vary@1.1.0
349 silly currentTree ├── ws@1.1.1
349 silly currentTree ├── wtf-8@1.0.0
349 silly currentTree ├── xmlhttprequest-ssl@1.5.1
349 silly currentTree ├── xtend@4.0.1
349 silly currentTree └── yeast@0.1.2
350 silly idealTree googlegram@1.0.0
350 silly idealTree ├── accepts@1.3.3
350 silly idealTree ├── after@0.8.1
350 silly idealTree ├── ap@0.2.0
350 silly idealTree ├── array-flatten@1.1.1
350 silly idealTree ├── arraybuffer.slice@0.0.6
350 silly idealTree ├── backo2@1.0.2
350 silly idealTree ├── base64-arraybuffer@0.1.5
350 silly idealTree ├── base64id@0.1.0
350 silly idealTree ├── benchmark@1.0.0
350 silly idealTree ├── better-assert@1.0.2
350 silly idealTree ├── bindings@1.2.1
350 silly idealTree ├── blob@0.0.4
350 silly idealTree ├── body-parser@1.15.2
350 silly idealTree ├── buffer-writer@1.0.1
350 silly idealTree ├── bytes@2.4.0
350 silly idealTree ├── callsite@1.0.0
350 silly idealTree ├── component-bind@1.0.0
350 silly idealTree ├── component-emitter@1.1.2
350 silly idealTree ├── component-inherit@0.0.3
350 silly idealTree ├── content-disposition@0.5.1
350 silly idealTree ├── content-type@1.0.2
350 silly idealTree ├── cookie-signature@1.0.6
350 silly idealTree ├── cookie@0.3.1
350 silly idealTree ├── core-util-is@1.0.2
350 silly idealTree ├── debug@2.2.0
350 silly idealTree ├── depd@1.1.0
350 silly idealTree ├── destroy@1.0.4
350 silly idealTree ├── ee-first@1.1.1
350 silly idealTree ├── encodeurl@1.0.1
350 silly idealTree ├── engine.io-client@1.7.2
350 silly idealTree ├─┬ engine.io-parser@1.3.1
350 silly idealTree │ └── has-binary@0.1.6
350 silly idealTree ├── engine.io@1.7.2
350 silly idealTree ├── escape-html@1.0.3
350 silly idealTree ├── etag@1.7.0
350 silly idealTree ├── express@4.14.0
350 silly idealTree ├── finalhandler@0.5.0
350 silly idealTree ├── forwarded@0.1.0
350 silly idealTree ├── fresh@0.3.0
350 silly idealTree ├── generic-pool@2.4.2
350 silly idealTree ├── has-binary@0.1.7
350 silly idealTree ├── has-cors@1.1.0
350 silly idealTree ├── http-errors@1.5.1
350 silly idealTree ├── iconv-lite@0.4.13
350 silly idealTree ├── indexof@0.0.1
350 silly idealTree ├── inherits@2.0.3
350 silly idealTree ├── ipaddr.js@1.1.1
350 silly idealTree ├── isarray@0.0.1
350 silly idealTree ├── json3@3.2.6
350 silly idealTree ├── libpq@1.8.5
350 silly idealTree ├── media-typer@0.3.0
350 silly idealTree ├── merge-descriptors@1.0.1
350 silly idealTree ├── methods@1.1.2
350 silly idealTree ├── mime-db@1.25.0
350 silly idealTree ├── mime-types@2.1.13
350 silly idealTree ├── mime@1.3.4
350 silly idealTree ├── ms@0.7.1
350 silly idealTree ├── nan@2.4.0
350 silly idealTree ├── negotiator@0.6.1
350 silly idealTree ├── object-assign@4.1.0
350 silly idealTree ├── object-component@0.0.3
350 silly idealTree ├── on-finished@2.3.0
350 silly idealTree ├── options@0.0.6
350 silly idealTree ├── packet-reader@0.2.0
350 silly idealTree ├── parsejson@0.0.1
350 silly idealTree ├── parseqs@0.0.2
350 silly idealTree ├── parseuri@0.0.4
350 silly idealTree ├── parseurl@1.3.1
350 silly idealTree ├── path-to-regexp@0.1.7
350 silly idealTree ├── pg-connection-string@0.1.3
350 silly idealTree ├─┬ pg-native@1.10.0
350 silly idealTree │ └── pg-types@1.6.0
350 silly idealTree ├── pg-pool@1.5.0
350 silly idealTree ├── pg-types@1.11.0
350 silly idealTree ├── pg@6.1.0
350 silly idealTree ├── pgpass@1.0.1
350 silly idealTree ├── postgres-array@1.0.0
350 silly idealTree ├── postgres-bytea@1.0.0
350 silly idealTree ├── postgres-date@1.0.3
350 silly idealTree ├── postgres-interval@1.0.2
350 silly idealTree ├── proxy-addr@1.1.2
350 silly idealTree ├── qs@6.2.0
350 silly idealTree ├── range-parser@1.2.0
350 silly idealTree ├── raw-body@2.1.7
350 silly idealTree ├── readable-stream@1.0.31
350 silly idealTree ├── semver@4.3.2
350 silly idealTree ├── send@0.14.1
350 silly idealTree ├── serve-static@1.11.1
350 silly idealTree ├── setprototypeof@1.0.2
350 silly idealTree ├─┬ socket.io-adapter@0.4.0
350 silly idealTree │ └─┬ socket.io-parser@2.2.2
350 silly idealTree │   └── debug@0.7.4
350 silly idealTree ├─┬ socket.io-client@1.5.1
350 silly idealTree │ └── component-emitter@1.2.0
350 silly idealTree ├─┬ socket.io-parser@2.3.1
350 silly idealTree │ └── json3@3.3.2
350 silly idealTree ├── socket.io@1.5.1
350 silly idealTree ├── split@1.0.0
350 silly idealTree ├── statuses@1.3.1
350 silly idealTree ├── string_decoder@0.10.31
350 silly idealTree ├── through@2.3.8
350 silly idealTree ├── to-array@0.1.4
350 silly idealTree ├── type-is@1.6.13
350 silly idealTree ├── ultron@1.0.2
350 silly idealTree ├── unpipe@1.0.0
350 silly idealTree ├── utils-merge@1.0.0
350 silly idealTree ├── vary@1.1.0
350 silly idealTree ├── ws@1.1.1
350 silly idealTree ├── wtf-8@1.0.0
350 silly idealTree ├── xmlhttprequest-ssl@1.5.1
350 silly idealTree ├── xtend@4.0.1
350 silly idealTree └── yeast@0.1.2
351 silly generateActionsToTake Starting
352 silly install generateActionsToTake
353 silly generateActionsToTake Finishing
354 silly diffTrees action count 8
355 silly diffTrees add bindings@1.2.1
356 silly diffTrees add core-util-is@1.0.2
357 silly diffTrees add nan@2.4.0
358 silly diffTrees add string_decoder@0.10.31
359 silly diffTrees add libpq@1.8.5
360 silly diffTrees add pg-types@1.6.0
361 silly diffTrees add readable-stream@1.0.31
362 silly diffTrees add pg-native@1.10.0
363 silly decomposeActions action count 64
364 silly decomposeActions fetch bindings@1.2.1
365 silly decomposeActions extract bindings@1.2.1
366 silly decomposeActions test bindings@1.2.1
367 silly decomposeActions preinstall bindings@1.2.1
368 silly decomposeActions build bindings@1.2.1
369 silly decomposeActions install bindings@1.2.1
370 silly decomposeActions postinstall bindings@1.2.1
371 silly decomposeActions finalize bindings@1.2.1
372 silly decomposeActions fetch core-util-is@1.0.2
373 silly decomposeActions extract core-util-is@1.0.2
374 silly decomposeActions test core-util-is@1.0.2
375 silly decomposeActions preinstall core-util-is@1.0.2
376 silly decomposeActions build core-util-is@1.0.2
377 silly decomposeActions install core-util-is@1.0.2
378 silly decomposeActions postinstall core-util-is@1.0.2
379 silly decomposeActions finalize core-util-is@1.0.2
380 silly decomposeActions fetch nan@2.4.0
381 silly decomposeActions extract nan@2.4.0
382 silly decomposeActions test nan@2.4.0
383 silly decomposeActions preinstall nan@2.4.0
384 silly decomposeActions build nan@2.4.0
385 silly decomposeActions install nan@2.4.0
386 silly decomposeActions postinstall nan@2.4.0
387 silly decomposeActions finalize nan@2.4.0
388 silly decomposeActions fetch string_decoder@0.10.31
389 silly decomposeActions extract string_decoder@0.10.31
390 silly decomposeActions test string_decoder@0.10.31
391 silly decomposeActions preinstall string_decoder@0.10.31
392 silly decomposeActions build string_decoder@0.10.31
393 silly decomposeActions install string_decoder@0.10.31
394 silly decomposeActions postinstall string_decoder@0.10.31
395 silly decomposeActions finalize string_decoder@0.10.31
396 silly decomposeActions fetch libpq@1.8.5
397 silly decomposeActions extract libpq@1.8.5
398 silly decomposeActions test libpq@1.8.5
399 silly decomposeActions preinstall libpq@1.8.5
400 silly decomposeActions build libpq@1.8.5
401 silly decomposeActions install libpq@1.8.5
402 silly decomposeActions postinstall libpq@1.8.5
403 silly decomposeActions finalize libpq@1.8.5
404 silly decomposeActions fetch pg-types@1.6.0
405 silly decomposeActions extract pg-types@1.6.0
406 silly decomposeActions test pg-types@1.6.0
407 silly decomposeActions preinstall pg-types@1.6.0
408 silly decomposeActions build pg-types@1.6.0
409 silly decomposeActions install pg-types@1.6.0
410 silly decomposeActions postinstall pg-types@1.6.0
411 silly decomposeActions finalize pg-types@1.6.0
412 silly decomposeActions fetch readable-stream@1.0.31
413 silly decomposeActions extract readable-stream@1.0.31
414 silly decomposeActions test readable-stream@1.0.31
415 silly decomposeActions preinstall readable-stream@1.0.31
416 silly decomposeActions build readable-stream@1.0.31
417 silly decomposeActions install readable-stream@1.0.31
418 silly decomposeActions postinstall readable-stream@1.0.31
419 silly decomposeActions finalize readable-stream@1.0.31
420 silly decomposeActions fetch pg-native@1.10.0
421 silly decomposeActions extract pg-native@1.10.0
422 silly decomposeActions test pg-native@1.10.0
423 silly decomposeActions preinstall pg-native@1.10.0
424 silly decomposeActions build pg-native@1.10.0
425 silly decomposeActions install pg-native@1.10.0
426 silly decomposeActions postinstall pg-native@1.10.0
427 silly decomposeActions finalize pg-native@1.10.0
428 silly runTopLevelLifecycles Starting
429 silly executeActions Starting
430 silly install executeActions
431 silly doSerial global-install 0
432 silly doParallel fetch 8
433 verbose correctMkdir /Users/edwardpark/.npm/_locks correctMkdir not in flight; initializing
434 verbose lock using /Users/edwardpark/.npm/_locks/staging-7059342c149d7c55.lock for /Users/edwardpark/edwardpark/CS-10/_production/googlegram/node_modules/.staging
435 silly doParallel extract 8
436 silly extract bindings@1.2.1
437 silly extract core-util-is@1.0.2
438 silly extract nan@2.4.0
439 silly extract string_decoder@0.10.31
440 silly extract libpq@1.8.5
441 silly extract pg-types@1.6.0
442 silly extract readable-stream@1.0.31
443 silly extract pg-native@1.10.0
444 verbose unbuild node_modules/.staging/bindings-9de3f322
445 verbose unbuild node_modules/.staging/core-util-is-874b939e
446 verbose unbuild node_modules/.staging/nan-8fc66ab5
447 verbose unbuild node_modules/.staging/string_decoder-bff99748
448 verbose unbuild node_modules/.staging/pg-types-ac85457d
449 verbose unbuild node_modules/.staging/libpq-16779f7a
450 verbose unbuild node_modules/.staging/readable-stream-db1df2f3
451 verbose unbuild node_modules/.staging/pg-native-83f9d098
452 silly gentlyRm /Users/edwardpark/edwardpark/CS-10/_production/googlegram/node_modules/.staging/bindings-9de3f322 is being purged from base /Users/edwardpark/edwardpark/CS-10/_production/googlegram
453 verbose gentlyRm don't care about contents; nuking /Users/edwardpark/edwardpark/CS-10/_production/googlegram/node_modules/.staging/bindings-9de3f322
454 silly gentlyRm /Users/edwardpark/edwardpark/CS-10/_production/googlegram/node_modules/.staging/core-util-is-874b939e is being purged from base /Users/edwardpark/edwardpark/CS-10/_production/googlegram
455 verbose gentlyRm don't care about contents; nuking /Users/edwardpark/edwardpark/CS-10/_production/googlegram/node_modules/.staging/core-util-is-874b939e
456 silly gentlyRm /Users/edwardpark/edwardpark/CS-10/_production/googlegram/node_modules/.staging/nan-8fc66ab5 is being purged from base /Users/edwardpark/edwardpark/CS-10/_production/googlegram
457 verbose gentlyRm don't care about contents; nuking /Users/edwardpark/edwardpark/CS-10/_production/googlegram/node_modules/.staging/nan-8fc66ab5
458 silly gentlyRm /Users/edwardpark/edwardpark/CS-10/_production/googlegram/node_modules/.staging/pg-types-ac85457d is being purged from base /Users/edwardpark/edwardpark/CS-10/_production/googlegram
459 verbose gentlyRm don't care about contents; nuking /Users/edwardpark/edwardpark/CS-10/_production/googlegram/node_modules/.staging/pg-types-ac85457d
460 silly gentlyRm /Users/edwardpark/edwardpark/CS-10/_production/googlegram/node_modules/.staging/string_decoder-bff99748 is being purged from base /Users/edwardpark/edwardpark/CS-10/_production/googlegram
461 verbose gentlyRm don't care about contents; nuking /Users/edwardpark/edwardpark/CS-10/_production/googlegram/node_modules/.staging/string_decoder-bff99748
462 silly gentlyRm /Users/edwardpark/edwardpark/CS-10/_production/googlegram/node_modules/.staging/libpq-16779f7a is being purged from base /Users/edwardpark/edwardpark/CS-10/_production/googlegram
463 verbose gentlyRm don't care about contents; nuking /Users/edwardpark/edwardpark/CS-10/_production/googlegram/node_modules/.staging/libpq-16779f7a
464 silly gentlyRm /Users/edwardpark/edwardpark/CS-10/_production/googlegram/node_modules/.staging/readable-stream-db1df2f3 is being purged from base /Users/edwardpark/edwardpark/CS-10/_production/googlegram
465 verbose gentlyRm don't care about contents; nuking /Users/edwardpark/edwardpark/CS-10/_production/googlegram/node_modules/.staging/readable-stream-db1df2f3
466 silly gentlyRm /Users/edwardpark/edwardpark/CS-10/_production/googlegram/node_modules/.staging/pg-native-83f9d098 is being purged from base /Users/edwardpark/edwardpark/CS-10/_production/googlegram
467 verbose gentlyRm don't care about contents; nuking /Users/edwardpark/edwardpark/CS-10/_production/googlegram/node_modules/.staging/pg-native-83f9d098
468 verbose tar unpack /Users/edwardpark/.npm/bindings/1.2.1/package.tgz
469 verbose tar unpacking to /Users/edwardpark/edwardpark/CS-10/_production/googlegram/node_modules/.staging/bindings-9de3f322
470 silly gentlyRm /Users/edwardpark/edwardpark/CS-10/_production/googlegram/node_modules/.staging/bindings-9de3f322 is being purged
471 verbose gentlyRm don't care about contents; nuking /Users/edwardpark/edwardpark/CS-10/_production/googlegram/node_modules/.staging/bindings-9de3f322
472 verbose tar unpack /Users/edwardpark/.npm/core-util-is/1.0.2/package.tgz
473 verbose tar unpacking to /Users/edwardpark/edwardpark/CS-10/_production/googlegram/node_modules/.staging/core-util-is-874b939e
474 silly gentlyRm /Users/edwardpark/edwardpark/CS-10/_production/googlegram/node_modules/.staging/core-util-is-874b939e is being purged
475 verbose gentlyRm don't care about contents; nuking /Users/edwardpark/edwardpark/CS-10/_production/googlegram/node_modules/.staging/core-util-is-874b939e
476 verbose tar unpack /Users/edwardpark/.npm/nan/2.4.0/package.tgz
477 verbose tar unpacking to /Users/edwardpark/edwardpark/CS-10/_production/googlegram/node_modules/.staging/nan-8fc66ab5
478 silly gentlyRm /Users/edwardpark/edwardpark/CS-10/_production/googlegram/node_modules/.staging/nan-8fc66ab5 is being purged
479 verbose gentlyRm don't care about contents; nuking /Users/edwardpark/edwardpark/CS-10/_production/googlegram/node_modules/.staging/nan-8fc66ab5
480 verbose tar unpack /Users/edwardpark/.npm/pg-types/1.6.0/package.tgz
481 verbose tar unpacking to /Users/edwardpark/edwardpark/CS-10/_production/googlegram/node_modules/.staging/pg-types-ac85457d
482 silly gentlyRm /Users/edwardpark/edwardpark/CS-10/_production/googlegram/node_modules/.staging/pg-types-ac85457d is being purged
483 verbose gentlyRm don't care about contents; nuking /Users/edwardpark/edwardpark/CS-10/_production/googlegram/node_modules/.staging/pg-types-ac85457d
484 verbose tar unpack /Users/edwardpark/.npm/string_decoder/0.10.31/package.tgz
485 verbose tar unpacking to /Users/edwardpark/edwardpark/CS-10/_production/googlegram/node_modules/.staging/string_decoder-bff99748
486 silly gentlyRm /Users/edwardpark/edwardpark/CS-10/_production/googlegram/node_modules/.staging/string_decoder-bff99748 is being purged
487 verbose gentlyRm don't care about contents; nuking /Users/edwardpark/edwardpark/CS-10/_production/googlegram/node_modules/.staging/string_decoder-bff99748
488 verbose tar unpack /Users/edwardpark/.npm/libpq/1.8.5/package.tgz
489 verbose tar unpacking to /Users/edwardpark/edwardpark/CS-10/_production/googlegram/node_modules/.staging/libpq-16779f7a
490 silly gentlyRm /Users/edwardpark/edwardpark/CS-10/_production/googlegram/node_modules/.staging/libpq-16779f7a is being purged
491 verbose gentlyRm don't care about contents; nuking /Users/edwardpark/edwardpark/CS-10/_production/googlegram/node_modules/.staging/libpq-16779f7a
492 verbose tar unpack /Users/edwardpark/.npm/readable-stream/1.0.31/package.tgz
493 verbose tar unpacking to /Users/edwardpark/edwardpark/CS-10/_production/googlegram/node_modules/.staging/readable-stream-db1df2f3
494 silly gentlyRm /Users/edwardpark/edwardpark/CS-10/_production/googlegram/node_modules/.staging/readable-stream-db1df2f3 is being purged
495 verbose gentlyRm don't care about contents; nuking /Users/edwardpark/edwardpark/CS-10/_production/googlegram/node_modules/.staging/readable-stream-db1df2f3
496 verbose tar unpack /Users/edwardpark/.npm/pg-native/1.10.0/package.tgz
497 verbose tar unpacking to /Users/edwardpark/edwardpark/CS-10/_production/googlegram/node_modules/.staging/pg-native-83f9d098
498 silly gentlyRm /Users/edwardpark/edwardpark/CS-10/_production/googlegram/node_modules/.staging/pg-native-83f9d098 is being purged
499 verbose gentlyRm don't care about contents; nuking /Users/edwardpark/edwardpark/CS-10/_production/googlegram/node_modules/.staging/pg-native-83f9d098
500 silly gunzTarPerm modes [ '755', '644' ]
501 silly gunzTarPerm modes [ '755', '644' ]
502 silly gunzTarPerm modes [ '755', '644' ]
503 silly gunzTarPerm modes [ '755', '644' ]
504 silly gunzTarPerm modes [ '755', '644' ]
505 silly gunzTarPerm modes [ '755', '644' ]
506 silly gunzTarPerm modes [ '755', '644' ]
507 silly gunzTarPerm modes [ '755', '644' ]
508 silly gunzTarPerm extractEntry package.json
509 silly gunzTarPerm extractEntry package.json
510 silly gunzTarPerm extractEntry package.json
511 silly gunzTarPerm extractEntry package.json
512 silly gunzTarPerm modified mode [ 'package.json', 436, 420 ]
513 silly gunzTarPerm extractEntry package.json
514 silly gunzTarPerm extractEntry package.json
515 silly gunzTarPerm modified mode [ 'package.json', 436, 420 ]
516 silly gunzTarPerm extractEntry package.json
517 silly gunzTarPerm modified mode [ 'package.json', 436, 420 ]
518 silly gunzTarPerm extractEntry package.json
519 silly gunzTarPerm extractEntry README.md
520 silly gunzTarPerm extractEntry LICENSE
521 silly gunzTarPerm extractEntry .npmignore
522 silly gunzTarPerm extractEntry README.md
523 silly gunzTarPerm extractEntry .npmignore
524 silly gunzTarPerm modified mode [ '.npmignore', 436, 420 ]
525 silly gunzTarPerm extractEntry README.md
526 silly gunzTarPerm modified mode [ 'README.md', 436, 420 ]
527 silly gunzTarPerm extractEntry .npmignore
528 silly gunzTarPerm extractEntry README.md
529 silly gunzTarPerm extractEntry README.md
530 silly gunzTarPerm extractEntry bindings.js
531 silly gunzTarPerm extractEntry .npmignore
532 silly gunzTarPerm extractEntry README.md
533 silly gunzTarPerm extractEntry README.md
534 silly gunzTarPerm modified mode [ 'README.md', 436, 420 ]
535 silly gunzTarPerm extractEntry .npmignore
536 silly gunzTarPerm extractEntry README.md
537 silly gunzTarPerm modified mode [ 'README.md', 436, 420 ]
538 silly gunzTarPerm extractEntry include_dirs.js
539 silly gunzTarPerm modified mode [ 'include_dirs.js', 436, 420 ]
540 silly gunzTarPerm extractEntry test.js
541 silly gunzTarPerm extractEntry float.patch
542 silly gunzTarPerm extractEntry index.js
543 silly gunzTarPerm extractEntry .travis.yml
544 silly gunzTarPerm extractEntry LICENSE
545 silly gunzTarPerm modified mode [ 'LICENSE', 436, 420 ]
546 silly gunzTarPerm extractEntry index.js
547 silly gunzTarPerm modified mode [ 'index.js', 436, 420 ]
548 silly gunzTarPerm extractEntry index.js
549 silly gunzTarPerm extractEntry nan_callbacks_pre_12_inl.h
550 silly gunzTarPerm modified mode [ 'nan_callbacks_pre_12_inl.h', 436, 420 ]
551 silly gunzTarPerm extractEntry CHANGELOG.md
552 silly gunzTarPerm modified mode [ 'CHANGELOG.md', 436, 420 ]
553 silly gunzTarPerm extractEntry LICENSE.md
554 silly gunzTarPerm modified mode [ 'LICENSE.md', 436, 420 ]
555 silly gunzTarPerm extractEntry index.js
556 silly gunzTarPerm extractEntry bench/index.js
557 silly gunzTarPerm extractEntry bench/leaks.js
558 silly gunzTarPerm extractEntry .travis.yml
559 silly gunzTarPerm extractEntry Makefile
560 silly gunzTarPerm extractEntry lib/copy-stream.js
561 silly gunzTarPerm extractEntry test/array-mode.js
562 silly gunzTarPerm extractEntry test/custom-types.js
563 silly gunzTarPerm extractEntry test/domains.js
564 silly gunzTarPerm extractEntry test/huge-query.js
565 silly gunzTarPerm extractEntry test/copy-to.js
566 silly gunzTarPerm extractEntry test/async-workflow.js
567 silly gunzTarPerm extractEntry test/many-connections.js
568 silly gunzTarPerm extractEntry test/many-errors.js
569 silly gunzTarPerm extractEntry test/query-sync.js
570 silly gunzTarPerm extractEntry test/multiple-queries.js
571 silly gunzTarPerm extractEntry test/copy-from.js
572 silly gunzTarPerm extractEntry test/notify.js
573 silly gunzTarPerm extractEntry test/connection.js
574 silly gunzTarPerm extractEntry test/prepare.js
575 silly gunzTarPerm extractEntry test/cancel.js
576 silly gunzTarPerm extractEntry test/query-async.js
577 silly gunzTarPerm extractEntry test/index.js
578 silly gunzTarPerm extractEntry test/version.js
579 silly gunzTarPerm extractEntry test/load.js
580 silly gunzTarPerm extractEntry test/mocha.opts
581 silly gunzTarPerm extractEntry LICENSE
582 silly gunzTarPerm modified mode [ 'LICENSE', 436, 420 ]
583 silly gunzTarPerm extractEntry transform.js
584 silly gunzTarPerm extractEntry doc/node_misc.md
585 silly gunzTarPerm modified mode [ 'doc/node_misc.md', 436, 420 ]
586 silly gunzTarPerm extractEntry Makefile
587 silly gunzTarPerm extractEntry lib/arrayParser.js
588 silly gunzTarPerm extractEntry binding.gyp
589 silly gunzTarPerm extractEntry .travis.yml
590 silly gunzTarPerm extractEntry Makefile
591 silly gunzTarPerm extractEntry lib/util.js
592 silly gunzTarPerm extractEntry duplex.js
593 silly gunzTarPerm extractEntry readable.js
594 silly gunzTarPerm modified mode [ 'readable.js', 436, 420 ]
595 silly gunzTarPerm extractEntry src/addon.cc
596 silly gunzTarPerm extractEntry doc/asyncworker.md
597 silly gunzTarPerm modified mode [ 'doc/asyncworker.md', 436, 420 ]
598 silly gunzTarPerm extractEntry doc/callback.md
599 silly gunzTarPerm modified mode [ 'doc/callback.md', 436, 420 ]
600 silly gunzTarPerm extractEntry lib/binaryParsers.js
601 silly gunzTarPerm extractEntry lib/textParsers.js
602 silly gunzTarPerm extractEntry test/array.js
603 silly gunzTarPerm extractEntry test/assert.js
604 silly gunzTarPerm extractEntry test/dates.js
605 silly gunzTarPerm extractEntry test/index.js
606 silly gunzTarPerm extractEntry passthrough.js
607 silly gunzTarPerm extractEntry writable.js
608 silly gunzTarPerm extractEntry src/addon.h
609 silly gunzTarPerm extractEntry src/connect-async-worker.cc
610 silly gunzTarPerm extractEntry doc/converters.md
611 silly gunzTarPerm modified mode [ 'doc/converters.md', 436, 420 ]
612 silly gunzTarPerm extractEntry doc/errors.md
613 silly gunzTarPerm modified mode [ 'doc/errors.md', 436, 420 ]
614 silly gunzTarPerm extractEntry lib/_stream_duplex.js
615 silly gunzTarPerm modified mode [ 'lib/_stream_duplex.js', 436, 420 ]
616 silly gunzTarPerm extractEntry lib/_stream_passthrough.js
617 silly gunzTarPerm modified mode [ 'lib/_stream_passthrough.js', 436, 420 ]
618 silly gunzTarPerm extractEntry src/connect-async-worker.h
619 silly gunzTarPerm extractEntry src/connection.cc
620 silly gunzTarPerm extractEntry doc/maybe_types.md
621 silly gunzTarPerm modified mode [ 'doc/maybe_types.md', 436, 420 ]
622 silly gunzTarPerm extractEntry doc/methods.md
623 silly gunzTarPerm modified mode [ 'doc/methods.md', 436, 420 ]
624 silly gentlyRm /Users/edwardpark/edwardpark/CS-10/_production/googlegram/node_modules/.staging/bindings-9de3f322/node_modules is being purged
625 verbose gentlyRm don't care about contents; nuking /Users/edwardpark/edwardpark/CS-10/_production/googlegram/node_modules/.staging/bindings-9de3f322/node_modules
626 silly gunzTarPerm extractEntry lib/_stream_readable.js
627 silly gunzTarPerm modified mode [ 'lib/_stream_readable.js', 436, 420 ]
628 silly gunzTarPerm extractEntry src/connection.h
629 silly gunzTarPerm extractEntry test/async-connection.js
630 silly gunzTarPerm extractEntry doc/new.md
631 silly gunzTarPerm modified mode [ 'doc/new.md', 436, 420 ]
632 silly gunzTarPerm extractEntry doc/buffers.md
633 silly gunzTarPerm modified mode [ 'doc/buffers.md', 436, 420 ]
634 silly gunzTarPerm extractEntry lib/_stream_transform.js
635 silly gunzTarPerm modified mode [ 'lib/_stream_transform.js', 436, 420 ]
636 silly gunzTarPerm extractEntry lib/_stream_writable.js
637 silly gunzTarPerm modified mode [ 'lib/_stream_writable.js', 436, 420 ]
638 silly gunzTarPerm extractEntry test/escaping.js
639 silly gunzTarPerm extractEntry test/helper.js
640 silly gunzTarPerm extractEntry doc/object_wrappers.md
641 silly gunzTarPerm modified mode [ 'doc/object_wrappers.md', 436, 420 ]
642 silly gunzTarPerm extractEntry doc/persistent.md
643 silly gunzTarPerm modified mode [ 'doc/persistent.md', 436, 420 ]
644 silly gentlyRm /Users/edwardpark/edwardpark/CS-10/_production/googlegram/node_modules/.staging/string_decoder-bff99748/node_modules is being purged
645 verbose gentlyRm don't care about contents; nuking /Users/edwardpark/edwardpark/CS-10/_production/googlegram/node_modules/.staging/string_decoder-bff99748/node_modules
646 silly gunzTarPerm extractEntry test/index.js
647 silly gunzTarPerm extractEntry test/error-info.js
648 silly gunzTarPerm extractEntry doc/scopes.md
649 silly gunzTarPerm modified mode [ 'doc/scopes.md', 436, 420 ]
650 silly gunzTarPerm extractEntry doc/script.md
651 silly gunzTarPerm modified mode [ 'doc/script.md', 436, 420 ]
652 silly gentlyRm /Users/edwardpark/edwardpark/CS-10/_production/googlegram/node_modules/.staging/core-util-is-874b939e/node_modules is being purged
653 verbose gentlyRm don't care about contents; nuking /Users/edwardpark/edwardpark/CS-10/_production/googlegram/node_modules/.staging/core-util-is-874b939e/node_modules
654 silly gunzTarPerm extractEntry test/async-socket.js
655 silly gunzTarPerm extractEntry test/sync-prepare.js
656 silly gunzTarPerm extractEntry doc/string_bytes.md
657 silly gunzTarPerm modified mode [ 'doc/string_bytes.md', 436, 420 ]
658 silly gunzTarPerm extractEntry doc/v8_internals.md
659 silly gunzTarPerm modified mode [ 'doc/v8_internals.md', 436, 420 ]
660 silly gunzTarPerm extractEntry test/multiple-queries.js
661 silly gunzTarPerm extractEntry test/non-blocking-controls.js
662 silly gunzTarPerm extractEntry doc/v8_misc.md
663 silly gunzTarPerm modified mode [ 'doc/v8_misc.md', 436, 420 ]
664 silly gunzTarPerm extractEntry nan.h
665 silly gunzTarPerm modified mode [ 'nan.h', 436, 420 ]
666 silly gunzTarPerm extractEntry test/notification.js
667 silly gunzTarPerm extractEntry test/error-conditions.js
668 silly gunzTarPerm extractEntry nan_callbacks.h
669 silly gunzTarPerm modified mode [ 'nan_callbacks.h', 436, 420 ]
670 silly gunzTarPerm extractEntry nan_callbacks_12_inl.h
671 silly gunzTarPerm modified mode [ 'nan_callbacks_12_inl.h', 436, 420 ]
672 silly gunzTarPerm extractEntry test/result-accessors.js
673 silly gunzTarPerm extractEntry test/copy-out.js
674 silly gunzTarPerm extractEntry test/server-version.js
675 silly gunzTarPerm extractEntry test/copy-in.js
676 silly gunzTarPerm extractEntry nan_converters.h
677 silly gunzTarPerm modified mode [ 'nan_converters.h', 436, 420 ]
678 silly gunzTarPerm extractEntry nan_converters_43_inl.h
679 silly gunzTarPerm modified mode [ 'nan_converters_43_inl.h', 436, 420 ]
680 silly gunzTarPerm extractEntry nan_converters_pre_43_inl.h
681 silly gunzTarPerm modified mode [ 'nan_converters_pre_43_inl.h', 436, 420 ]
682 silly gunzTarPerm extractEntry nan_implementation_12_inl.h
683 silly gunzTarPerm modified mode [ 'nan_implementation_12_inl.h', 436, 420 ]
684 silly gunzTarPerm extractEntry test/socket.js
685 silly gunzTarPerm extractEntry test/construction.js
686 silly gunzTarPerm extractEntry nan_implementation_pre_12_inl.h
687 silly gunzTarPerm modified mode [ 'nan_implementation_pre_12_inl.h', 436, 420 ]
688 silly gunzTarPerm extractEntry nan_maybe_43_inl.h
689 silly gunzTarPerm modified mode [ 'nan_maybe_43_inl.h', 436, 420 ]
690 silly gunzTarPerm extractEntry nan_maybe_pre_43_inl.h
691 silly gunzTarPerm modified mode [ 'nan_maybe_pre_43_inl.h', 436, 420 ]
692 silly gunzTarPerm extractEntry nan_new.h
693 silly gunzTarPerm modified mode [ 'nan_new.h', 436, 420 ]
694 silly gunzTarPerm extractEntry test/sync-integration.js
695 silly gunzTarPerm extractEntry test/cancel.js
696 silly gunzTarPerm extractEntry nan_object_wrap.h
697 silly gunzTarPerm modified mode [ 'nan_object_wrap.h', 436, 420 ]
698 silly gunzTarPerm extractEntry nan_persistent_12_inl.h
699 silly gunzTarPerm modified mode [ 'nan_persistent_12_inl.h', 436, 420 ]
700 silly gunzTarPerm extractEntry test/sync-parameters.js
701 silly gunzTarPerm extractEntry test/load.js
702 silly gentlyRm /Users/edwardpark/edwardpark/CS-10/_production/googlegram/node_modules/.staging/pg-types-ac85457d/node_modules is being purged
703 verbose gentlyRm don't care about contents; nuking /Users/edwardpark/edwardpark/CS-10/_production/googlegram/node_modules/.staging/pg-types-ac85457d/node_modules
704 silly gunzTarPerm extractEntry nan_persistent_pre_12_inl.h
705 silly gunzTarPerm modified mode [ 'nan_persistent_pre_12_inl.h', 436, 420 ]
706 silly gunzTarPerm extractEntry nan_string_bytes.h
707 silly gunzTarPerm modified mode [ 'nan_string_bytes.h', 436, 420 ]
708 silly gunzTarPerm extractEntry test/sync.js
709 silly gunzTarPerm extractEntry test/many-connections.js
710 silly gentlyRm /Users/edwardpark/edwardpark/CS-10/_production/googlegram/node_modules/.staging/readable-stream-db1df2f3/node_modules is being purged
711 verbose gentlyRm don't care about contents; nuking /Users/edwardpark/edwardpark/CS-10/_production/googlegram/node_modules/.staging/readable-stream-db1df2f3/node_modules
712 silly gunzTarPerm extractEntry nan_typedarray_contents.h
713 silly gunzTarPerm modified mode [ 'nan_typedarray_contents.h', 436, 420 ]
714 silly gunzTarPerm extractEntry nan_weak.h
715 silly gunzTarPerm modified mode [ 'nan_weak.h', 436, 420 ]
716 silly gunzTarPerm extractEntry test/mocha.opts
717 silly gunzTarPerm extractEntry tools/package.json
718 silly gunzTarPerm modified mode [ 'tools/package.json', 436, 420 ]
719 silly gunzTarPerm extractEntry tools/README.md
720 silly gunzTarPerm modified mode [ 'tools/README.md', 436, 420 ]
721 silly gunzTarPerm extractEntry tools/1to2.js
722 silly gunzTarPerm modified mode [ 'tools/1to2.js', 509, 493 ]
723 silly gentlyRm /Users/edwardpark/edwardpark/CS-10/_production/googlegram/node_modules/.staging/pg-native-83f9d098/node_modules is being purged
724 verbose gentlyRm don't care about contents; nuking /Users/edwardpark/edwardpark/CS-10/_production/googlegram/node_modules/.staging/pg-native-83f9d098/node_modules
725 silly gentlyRm /Users/edwardpark/edwardpark/CS-10/_production/googlegram/node_modules/.staging/libpq-16779f7a/node_modules is being purged
726 verbose gentlyRm don't care about contents; nuking /Users/edwardpark/edwardpark/CS-10/_production/googlegram/node_modules/.staging/libpq-16779f7a/node_modules
727 silly gentlyRm /Users/edwardpark/edwardpark/CS-10/_production/googlegram/node_modules/.staging/nan-8fc66ab5/node_modules is being purged
728 verbose gentlyRm don't care about contents; nuking /Users/edwardpark/edwardpark/CS-10/_production/googlegram/node_modules/.staging/nan-8fc66ab5/node_modules
729 silly doParallel preinstall 8
730 silly preinstall bindings@1.2.1 /Users/edwardpark/edwardpark/CS-10/_production/googlegram/node_modules/.staging/bindings-9de3f322
731 info lifecycle bindings@1.2.1~preinstall: bindings@1.2.1
732 silly preinstall core-util-is@1.0.2 /Users/edwardpark/edwardpark/CS-10/_production/googlegram/node_modules/.staging/core-util-is-874b939e
733 info lifecycle core-util-is@1.0.2~preinstall: core-util-is@1.0.2
734 silly preinstall nan@2.4.0 /Users/edwardpark/edwardpark/CS-10/_production/googlegram/node_modules/.staging/nan-8fc66ab5
735 info lifecycle nan@2.4.0~preinstall: nan@2.4.0
736 silly preinstall string_decoder@0.10.31 /Users/edwardpark/edwardpark/CS-10/_production/googlegram/node_modules/.staging/string_decoder-bff99748
737 info lifecycle string_decoder@0.10.31~preinstall: string_decoder@0.10.31
738 silly preinstall libpq@1.8.5 /Users/edwardpark/edwardpark/CS-10/_production/googlegram/node_modules/.staging/libpq-16779f7a
739 info lifecycle libpq@1.8.5~preinstall: libpq@1.8.5
740 silly preinstall pg-types@1.6.0 /Users/edwardpark/edwardpark/CS-10/_production/googlegram/node_modules/.staging/pg-types-ac85457d
741 info lifecycle pg-types@1.6.0~preinstall: pg-types@1.6.0
742 silly preinstall readable-stream@1.0.31 /Users/edwardpark/edwardpark/CS-10/_production/googlegram/node_modules/.staging/readable-stream-db1df2f3
743 info lifecycle readable-stream@1.0.31~preinstall: readable-stream@1.0.31
744 silly preinstall pg-native@1.10.0 /Users/edwardpark/edwardpark/CS-10/_production/googlegram/node_modules/.staging/pg-native-83f9d098
745 info lifecycle pg-native@1.10.0~preinstall: pg-native@1.10.0
746 silly lifecycle bindings@1.2.1~preinstall: no script for preinstall, continuing
747 silly lifecycle core-util-is@1.0.2~preinstall: no script for preinstall, continuing
748 silly lifecycle nan@2.4.0~preinstall: no script for preinstall, continuing
749 silly lifecycle string_decoder@0.10.31~preinstall: no script for preinstall, continuing
750 silly lifecycle libpq@1.8.5~preinstall: no script for preinstall, continuing
751 silly lifecycle pg-types@1.6.0~preinstall: no script for preinstall, continuing
752 silly lifecycle readable-stream@1.0.31~preinstall: no script for preinstall, continuing
753 silly lifecycle pg-native@1.10.0~preinstall: no script for preinstall, continuing
754 silly doReverseSerial remove 0
755 silly doSerial move 0
756 silly doSerial finalize 8
757 silly finalize /Users/edwardpark/edwardpark/CS-10/_production/googlegram/node_modules/bindings
758 silly finalize /Users/edwardpark/edwardpark/CS-10/_production/googlegram/node_modules/core-util-is
759 silly finalize /Users/edwardpark/edwardpark/CS-10/_production/googlegram/node_modules/nan
760 silly finalize /Users/edwardpark/edwardpark/CS-10/_production/googlegram/node_modules/string_decoder
761 silly finalize /Users/edwardpark/edwardpark/CS-10/_production/googlegram/node_modules/libpq
762 silly finalize /Users/edwardpark/edwardpark/CS-10/_production/googlegram/node_modules/pg-native/node_modules/pg-types
763 silly finalize /Users/edwardpark/edwardpark/CS-10/_production/googlegram/node_modules/readable-stream
764 silly finalize /Users/edwardpark/edwardpark/CS-10/_production/googlegram/node_modules/pg-native
765 silly doSerial build 8
766 silly build bindings@1.2.1
767 info linkStuff bindings@1.2.1
768 silly linkStuff bindings@1.2.1 has /Users/edwardpark/edwardpark/CS-10/_production/googlegram/node_modules as its parent node_modules
769 verbose linkBins bindings@1.2.1
770 verbose linkMans bindings@1.2.1
771 silly build core-util-is@1.0.2
772 info linkStuff core-util-is@1.0.2
773 silly linkStuff core-util-is@1.0.2 has /Users/edwardpark/edwardpark/CS-10/_production/googlegram/node_modules as its parent node_modules
774 verbose linkBins core-util-is@1.0.2
775 verbose linkMans core-util-is@1.0.2
776 silly build nan@2.4.0
777 info linkStuff nan@2.4.0
778 silly linkStuff nan@2.4.0 has /Users/edwardpark/edwardpark/CS-10/_production/googlegram/node_modules as its parent node_modules
779 verbose linkBins nan@2.4.0
780 verbose linkMans nan@2.4.0
781 silly build string_decoder@0.10.31
782 info linkStuff string_decoder@0.10.31
783 silly linkStuff string_decoder@0.10.31 has /Users/edwardpark/edwardpark/CS-10/_production/googlegram/node_modules as its parent node_modules
784 verbose linkBins string_decoder@0.10.31
785 verbose linkMans string_decoder@0.10.31
786 silly build libpq@1.8.5
787 info linkStuff libpq@1.8.5
788 silly linkStuff libpq@1.8.5 has /Users/edwardpark/edwardpark/CS-10/_production/googlegram/node_modules as its parent node_modules
789 verbose linkBins libpq@1.8.5
790 verbose linkMans libpq@1.8.5
791 silly build pg-types@1.6.0
792 info linkStuff pg-types@1.6.0
793 silly linkStuff pg-types@1.6.0 has /Users/edwardpark/edwardpark/CS-10/_production/googlegram/node_modules/pg-native/node_modules as its parent node_modules
794 verbose linkBins pg-types@1.6.0
795 verbose linkMans pg-types@1.6.0
796 silly build readable-stream@1.0.31
797 info linkStuff readable-stream@1.0.31
798 silly linkStuff readable-stream@1.0.31 has /Users/edwardpark/edwardpark/CS-10/_production/googlegram/node_modules as its parent node_modules
799 verbose linkBins readable-stream@1.0.31
800 verbose linkMans readable-stream@1.0.31
801 silly build pg-native@1.10.0
802 info linkStuff pg-native@1.10.0
803 silly linkStuff pg-native@1.10.0 has /Users/edwardpark/edwardpark/CS-10/_production/googlegram/node_modules as its parent node_modules
804 verbose linkBins pg-native@1.10.0
805 verbose linkMans pg-native@1.10.0
806 silly doSerial global-link 0
807 silly doParallel update-linked 0
808 silly doSerial install 8
809 silly install bindings@1.2.1 /Users/edwardpark/edwardpark/CS-10/_production/googlegram/node_modules/.staging/bindings-9de3f322
810 info lifecycle bindings@1.2.1~install: bindings@1.2.1
811 silly lifecycle bindings@1.2.1~install: no script for install, continuing
812 silly install core-util-is@1.0.2 /Users/edwardpark/edwardpark/CS-10/_production/googlegram/node_modules/.staging/core-util-is-874b939e
813 info lifecycle core-util-is@1.0.2~install: core-util-is@1.0.2
814 silly lifecycle core-util-is@1.0.2~install: no script for install, continuing
815 silly install nan@2.4.0 /Users/edwardpark/edwardpark/CS-10/_production/googlegram/node_modules/.staging/nan-8fc66ab5
816 info lifecycle nan@2.4.0~install: nan@2.4.0
817 silly lifecycle nan@2.4.0~install: no script for install, continuing
818 silly install string_decoder@0.10.31 /Users/edwardpark/edwardpark/CS-10/_production/googlegram/node_modules/.staging/string_decoder-bff99748
819 info lifecycle string_decoder@0.10.31~install: string_decoder@0.10.31
820 silly lifecycle string_decoder@0.10.31~install: no script for install, continuing
821 silly install libpq@1.8.5 /Users/edwardpark/edwardpark/CS-10/_production/googlegram/node_modules/.staging/libpq-16779f7a
822 info lifecycle libpq@1.8.5~install: libpq@1.8.5
823 verbose lifecycle libpq@1.8.5~install: unsafe-perm in lifecycle true
824 verbose lifecycle libpq@1.8.5~install: PATH: /usr/local/lib/node_modules/npm/bin/node-gyp-bin:/Users/edwardpark/edwardpark/CS-10/_production/googlegram/node_modules/libpq/node_modules/.bin:/Users/edwardpark/edwardpark/CS-10/_production/googlegram/node_modules/.bin:/Users/edwardpark/local/bin:/usr/local/bin:/usr/bin:/bin:/usr/sbin:/sbin
825 verbose lifecycle libpq@1.8.5~install: CWD: /Users/edwardpark/edwardpark/CS-10/_production/googlegram/node_modules/libpq
826 silly lifecycle libpq@1.8.5~install: Args: [ '-c', 'node-gyp rebuild' ]
827 silly lifecycle libpq@1.8.5~install: Returned: code: 1  signal: null
828 info lifecycle libpq@1.8.5~install: Failed to exec install script
829 verbose unlock done using /Users/edwardpark/.npm/_locks/staging-7059342c149d7c55.lock for /Users/edwardpark/edwardpark/CS-10/_production/googlegram/node_modules/.staging
830 silly rollbackFailedOptional Starting
831 silly rollbackFailedOptional Finishing
832 silly runTopLevelLifecycles Finishing
833 silly install printInstalled
834 verbose stack Error: libpq@1.8.5 install: `node-gyp rebuild`
834 verbose stack Exit status 1
834 verbose stack     at EventEmitter.<anonymous> (/usr/local/lib/node_modules/npm/lib/utils/lifecycle.js:255:16)
834 verbose stack     at emitTwo (events.js:106:13)
834 verbose stack     at EventEmitter.emit (events.js:191:7)
834 verbose stack     at ChildProcess.<anonymous> (/usr/local/lib/node_modules/npm/lib/utils/spawn.js:40:14)
834 verbose stack     at emitTwo (events.js:106:13)
834 verbose stack     at ChildProcess.emit (events.js:191:7)
834 verbose stack     at maybeClose (internal/child_process.js:877:16)
834 verbose stack     at Process.ChildProcess._handle.onexit (internal/child_process.js:226:5)
835 verbose pkgid libpq@1.8.5
836 verbose cwd /Users/edwardpark/edwardpark/CS-10/_production/googlegram
837 error Darwin 16.1.0
838 error argv "/usr/local/bin/node" "/usr/local/bin/npm" "i" "pg-native"
839 error node v7.0.0
840 error npm  v3.10.8
841 error code ELIFECYCLE
842 error libpq@1.8.5 install: `node-gyp rebuild`
842 error Exit status 1
843 error Failed at the libpq@1.8.5 install script 'node-gyp rebuild'.
843 error Make sure you have the latest version of node.js and npm installed.
843 error If you do, this is most likely a problem with the libpq package,
843 error not with npm itself.
843 error Tell the author that this fails on your system:
843 error     node-gyp rebuild
843 error You can get information on how to open an issue for this project with:
843 error     npm bugs libpq
843 error Or if that isn't available, you can get their info via:
843 error     npm owner ls libpq
843 error There is likely additional logging output above.
844 verbose exit [ 1, true ]
